{"D:\\00_ESTUDO\\DEV\\00_github\\estudo-node-tdd\\calculadora\\index.js": {"path":"D:\\00_ESTUDO\\DEV\\00_github\\estudo-node-tdd\\calculadora\\index.js","statementMap":{"0":{"start":{"line":3,"column":8},"end":{"line":3,"column":23}},"1":{"start":{"line":7,"column":8},"end":{"line":7,"column":23}},"2":{"start":{"line":11,"column":8},"end":{"line":11,"column":23}},"3":{"start":{"line":15,"column":8},"end":{"line":15,"column":23}}},"fnMap":{"0":{"name":"(anonymous_0)","decl":{"start":{"line":2,"column":4},"end":{"line":2,"column":5}},"loc":{"start":{"line":2,"column":24},"end":{"line":4,"column":5}},"line":2},"1":{"name":"(anonymous_1)","decl":{"start":{"line":6,"column":4},"end":{"line":6,"column":5}},"loc":{"start":{"line":6,"column":27},"end":{"line":8,"column":5}},"line":6},"2":{"name":"(anonymous_2)","decl":{"start":{"line":10,"column":4},"end":{"line":10,"column":5}},"loc":{"start":{"line":10,"column":30},"end":{"line":12,"column":5}},"line":10},"3":{"name":"(anonymous_3)","decl":{"start":{"line":14,"column":4},"end":{"line":14,"column":5}},"loc":{"start":{"line":14,"column":26},"end":{"line":16,"column":5}},"line":14}},"branchMap":{},"s":{"0":1,"1":1,"2":1,"3":1},"f":{"0":1,"1":1,"2":1,"3":1},"b":{},"_coverageSchema":"1a1c01bbd47fc00a2c39e90264f33305004495a9","hash":"cda155a35374d367a4ce815c3acc9928484b2e72"}
,"D:\\00_ESTUDO\\DEV\\00_github\\estudo-node-tdd\\carrinhoDeCompras\\index.js": {"path":"D:\\00_ESTUDO\\DEV\\00_github\\estudo-node-tdd\\carrinhoDeCompras\\index.js","statementMap":{"0":{"start":{"line":3,"column":8},"end":{"line":3,"column":27}},"1":{"start":{"line":7,"column":8},"end":{"line":7,"column":36}},"2":{"start":{"line":11,"column":20},"end":{"line":11,"column":21}},"3":{"start":{"line":13,"column":8},"end":{"line":15,"column":11}},"4":{"start":{"line":14,"column":12},"end":{"line":14,"column":44}},"5":{"start":{"line":17,"column":8},"end":{"line":17,"column":21}},"6":{"start":{"line":21,"column":20},"end":{"line":21,"column":21}},"7":{"start":{"line":23,"column":8},"end":{"line":25,"column":11}},"8":{"start":{"line":24,"column":12},"end":{"line":24,"column":34}},"9":{"start":{"line":27,"column":8},"end":{"line":27,"column":21}}},"fnMap":{"0":{"name":"(anonymous_0)","decl":{"start":{"line":2,"column":4},"end":{"line":2,"column":5}},"loc":{"start":{"line":2,"column":17},"end":{"line":4,"column":5}},"line":2},"1":{"name":"(anonymous_1)","decl":{"start":{"line":6,"column":4},"end":{"line":6,"column":5}},"loc":{"start":{"line":6,"column":22},"end":{"line":8,"column":5}},"line":6},"2":{"name":"(anonymous_2)","decl":{"start":{"line":10,"column":4},"end":{"line":10,"column":5}},"loc":{"start":{"line":10,"column":24},"end":{"line":18,"column":5}},"line":10},"3":{"name":"(anonymous_3)","decl":{"start":{"line":13,"column":30},"end":{"line":13,"column":31}},"loc":{"start":{"line":13,"column":35},"end":{"line":15,"column":9}},"line":13},"4":{"name":"(anonymous_4)","decl":{"start":{"line":20,"column":4},"end":{"line":20,"column":5}},"loc":{"start":{"line":20,"column":24},"end":{"line":28,"column":5}},"line":20},"5":{"name":"(anonymous_5)","decl":{"start":{"line":23,"column":30},"end":{"line":23,"column":31}},"loc":{"start":{"line":23,"column":35},"end":{"line":25,"column":9}},"line":23}},"branchMap":{},"s":{"0":3,"1":6,"2":1,"3":1,"4":2,"5":1,"6":1,"7":1,"8":2,"9":1},"f":{"0":3,"1":6,"2":1,"3":2,"4":1,"5":2},"b":{},"_coverageSchema":"1a1c01bbd47fc00a2c39e90264f33305004495a9","hash":"3d8fdaf891d72dda362b6baefc97a53c20d3865f"}
}
